D:\vs\MSBuild\Microsoft\VC\v160\Microsoft.CppBuild.targets(519,5): warning MSB8028: 中间目录(Debug\)包含从另一个项目(光线追踪.vcxproj)共享的文件。   这会导致错误的清除和重新生成行为。
  PBL.cpp
D:\学习资料\PBL\PBL\光线追踪\ObjLoader.h(194,23): warning C4244: “=”: 从“double”转换到“float”，可能丢失数据
D:\学习资料\PBL\PBL\光线追踪\ObjLoader.h(199,23): warning C4244: “=”: 从“double”转换到“float”，可能丢失数据
D:\学习资料\PBL\PBL\光线追踪\ObjLoader.h(204,23): warning C4244: “=”: 从“double”转换到“float”，可能丢失数据
D:\学习资料\PBL\PBL\光线追踪\ObjLoader.h(214,30): warning C4244: “=”: 从“double”转换到“float”，可能丢失数据
D:\学习资料\PBL\PBL\光线追踪\ObjLoader.h(215,30): warning C4244: “=”: 从“double”转换到“float”，可能丢失数据
D:\学习资料\PBL\PBL\光线追踪\ObjLoader.h(216,30): warning C4244: “=”: 从“double”转换到“float”，可能丢失数据
D:\学习资料\PBL\PBL\光线追踪\ObjLoader.h(222,30): warning C4244: “=”: 从“double”转换到“float”，可能丢失数据
D:\学习资料\PBL\PBL\光线追踪\ObjLoader.h(223,30): warning C4244: “=”: 从“double”转换到“float”，可能丢失数据
D:\学习资料\PBL\PBL\光线追踪\direct_lighting.h(31,23): warning C4244: “=”: 从“double”转换到“float”，可能丢失数据
D:\学习资料\PBL\PBL\光线追踪\direct_lighting.h(41,25): warning C4244: “=”: 从“double”转换到“float”，可能丢失数据
D:\学习资料\PBL\PBL\光线追踪\ray_trace.h(55,12): warning C4244: “初始化”: 从“double”转换到“float”，可能丢失数据
D:\学习资料\PBL\PBL\光线追踪\ray_trace.h(160,27): warning C4244: “初始化”: 从“double”转换到“int”，可能丢失数据
D:\学习资料\PBL\PBL\光线追踪\ray_trace.h(161,27): warning C4244: “初始化”: 从“double”转换到“int”，可能丢失数据
D:\学习资料\PBL\PBL\光线追踪\ray_trace.h(163,34): warning C4101: “p3color”: 未引用的局部变量
D:\学习资料\PBL\PBL\光线追踪\ray_trace.h(163,16): warning C4101: “p1color”: 未引用的局部变量
D:\学习资料\PBL\PBL\光线追踪\ray_trace.h(163,25): warning C4101: “p2color”: 未引用的局部变量
D:\学习资料\PBL\PBL\光线追踪\ray_trace.h(187,62): warning C4244: “参数”: 从“double”转换到“const float”，可能丢失数据
D:\学习资料\PBL\PBL\光线追踪\ray_trace.h(215,37): warning C4018: “<”: 有符号/无符号不匹配
D:\学习资料\PBL\PBL\光线追踪\ray_trace.h(280,20): warning C4244: “初始化”: 从“double”转换到“float”，可能丢失数据
D:\学习资料\PBL\PBL\光线追踪\ray_trace.h(314,13): warning C4244: “初始化”: 从“float”转换到“int”，可能丢失数据
D:\学习资料\PBL\PBL\光线追踪\ray_trace.h(315,15): warning C4244: “初始化”: 从“float”转换到“int”，可能丢失数据
D:\学习资料\PBL\PBL\光线追踪\ray_trace.h(316,13): warning C4244: “初始化”: 从“float”转换到“int”，可能丢失数据
D:\学习资料\PBL\PBL\光线追踪\ray_trace.h(317,15): warning C4244: “初始化”: 从“float”转换到“int”，可能丢失数据
D:\学习资料\PBL\PBL\光线追踪\ray_trace.h(320,19): warning C4244: “=”: 从“float”转换到“int”，可能丢失数据
D:\学习资料\PBL\PBL\光线追踪\ray_trace.h(373,37): warning C4018: “<”: 有符号/无符号不匹配
D:\学习资料\PBL\PBL\光线追踪\ray_trace.h(437,20): warning C4244: “初始化”: 从“double”转换到“float”，可能丢失数据
D:\学习资料\PBL\PBL\光线追踪\ray_trace.h(445,43): warning C4305: “参数”: 从“double”到“const float”截断
D:\学习资料\PBL\PBL\光线追踪\ray_trace.h(472,37): warning C4018: “<”: 有符号/无符号不匹配
D:\学习资料\PBL\PBL\光线追踪\ray_trace.h(526,13): warning C4244: “初始化”: 从“float”转换到“int”，可能丢失数据
D:\学习资料\PBL\PBL\光线追踪\ray_trace.h(527,15): warning C4244: “初始化”: 从“float”转换到“int”，可能丢失数据
D:\学习资料\PBL\PBL\光线追踪\ray_trace.h(528,13): warning C4244: “初始化”: 从“float”转换到“int”，可能丢失数据
D:\学习资料\PBL\PBL\光线追踪\ray_trace.h(529,15): warning C4244: “初始化”: 从“float”转换到“int”，可能丢失数据
D:\学习资料\PBL\PBL\光线追踪\ray_trace.h(533,19): warning C4244: “=”: 从“float”转换到“int”，可能丢失数据
D:\学习资料\PBL\PBL\光线追踪\ray_trace.h(575,12): warning C4244: “初始化”: 从“float”转换到“int”，可能丢失数据
D:\学习资料\PBL\PBL\光线追踪\ray_trace.h(576,12): warning C4244: “初始化”: 从“float”转换到“int”，可能丢失数据
D:\学习资料\PBL\PBL\光线追踪\PBL.cpp(21,18): warning C4305: “初始化”: 从“double”到“float”截断
D:\学习资料\PBL\PBL\光线追踪\PBL.cpp(41,60): warning C4305: “初始化”: 从“double”到“float”截断
D:\学习资料\PBL\PBL\光线追踪\PBL.cpp(42,61): warning C4305: “初始化”: 从“double”到“float”截断
D:\学习资料\PBL\PBL\光线追踪\PBL.cpp(48,65): warning C4305: “初始化”: 从“double”到“float”截断
D:\学习资料\PBL\PBL\光线追踪\PBL.cpp(65,65): warning C4305: “初始化”: 从“double”到“float”截断
D:\学习资料\PBL\PBL\光线追踪\PBL.cpp(82,65): warning C4305: “初始化”: 从“double”到“float”截断
D:\学习资料\PBL\PBL\光线追踪\PBL.cpp(99,65): warning C4305: “初始化”: 从“double”到“float”截断
D:\学习资料\PBL\PBL\光线追踪\PBL.cpp(115,65): warning C4305: “初始化”: 从“double”到“float”截断
D:\学习资料\PBL\PBL\光线追踪\PBL.cpp(131,65): warning C4305: “初始化”: 从“double”到“float”截断
D:\学习资料\PBL\PBL\光线追踪\PBL.cpp(160,22): warning C4018: “<”: 有符号/无符号不匹配
D:\学习资料\PBL\PBL\光线追踪\PBL.cpp(211,45): warning C4018: “<”: 有符号/无符号不匹配
D:\学习资料\PBL\PBL\光线追踪\PBL.cpp(264,24): warning C4305: “*=”: 从“double”到“float”截断
D:\学习资料\PBL\PBL\光线追踪\PBL.cpp(265,24): warning C4305: “*=”: 从“double”到“float”截断
D:\学习资料\PBL\PBL\光线追踪\PBL.cpp(266,24): warning C4305: “*=”: 从“double”到“float”截断
D:\学习资料\PBL\PBL\光线追踪\PBL.cpp(270,24): warning C4305: “*=”: 从“double”到“float”截断
D:\学习资料\PBL\PBL\光线追踪\PBL.cpp(271,24): warning C4305: “*=”: 从“double”到“float”截断
D:\学习资料\PBL\PBL\光线追踪\PBL.cpp(272,24): warning C4305: “*=”: 从“double”到“float”截断
D:\学习资料\PBL\PBL\光线追踪\PBL.cpp(276,24): warning C4305: “*=”: 从“double”到“float”截断
D:\学习资料\PBL\PBL\光线追踪\PBL.cpp(277,24): warning C4305: “*=”: 从“double”到“float”截断
D:\学习资料\PBL\PBL\光线追踪\PBL.cpp(278,24): warning C4305: “*=”: 从“double”到“float”截断
D:\学习资料\PBL\PBL\光线追踪\PBL.cpp(328,4): warning C4244: “参数”: 从“int”转换到“float”，可能丢失数据
D:\学习资料\PBL\PBL\光线追踪\PBL.cpp(327,55): warning C4244: “参数”: 从“double”转换到“float”，可能丢失数据
D:\学习资料\PBL\PBL\光线追踪\PBL.cpp(326,56): warning C4244: “参数”: 从“double”转换到“float”，可能丢失数据
D:\学习资料\PBL\PBL\光线追踪\PBL.cpp(325,61): warning C4244: “参数”: 从“double”转换到“float”，可能丢失数据
D:\学习资料\PBL\PBL\光线追踪\PBL.cpp(325,38): warning C4244: “参数”: 从“double”转换到“float”，可能丢失数据
D:\学习资料\PBL\PBL\光线追踪\PBL.cpp(341,4): warning C4244: “参数”: 从“int”转换到“float”，可能丢失数据
D:\学习资料\PBL\PBL\光线追踪\PBL.cpp(340,55): warning C4244: “参数”: 从“double”转换到“float”，可能丢失数据
D:\学习资料\PBL\PBL\光线追踪\PBL.cpp(339,56): warning C4244: “参数”: 从“double”转换到“float”，可能丢失数据
D:\学习资料\PBL\PBL\光线追踪\PBL.cpp(338,61): warning C4244: “参数”: 从“double”转换到“float”，可能丢失数据
D:\学习资料\PBL\PBL\光线追踪\PBL.cpp(338,38): warning C4244: “参数”: 从“double”转换到“float”，可能丢失数据
D:\学习资料\PBL\PBL\光线追踪\PBL.cpp(355,31): warning C4305: “-=”: 从“double”到“float”截断
D:\学习资料\PBL\PBL\光线追踪\PBL.cpp(356,31): warning C4305: “-=”: 从“double”到“float”截断
D:\学习资料\PBL\PBL\光线追踪\PBL.cpp(357,31): warning C4305: “-=”: 从“double”到“float”截断
D:\学习资料\PBL\PBL\光线追踪\PBL.cpp(363,31): warning C4305: “+=”: 从“double”到“float”截断
D:\学习资料\PBL\PBL\光线追踪\PBL.cpp(364,31): warning C4305: “+=”: 从“double”到“float”截断
D:\学习资料\PBL\PBL\光线追踪\PBL.cpp(365,31): warning C4305: “+=”: 从“double”到“float”截断
D:\学习资料\PBL\PBL\光线追踪\PBL.cpp(376,4): warning C4244: “参数”: 从“int”转换到“float”，可能丢失数据
D:\学习资料\PBL\PBL\光线追踪\PBL.cpp(375,55): warning C4244: “参数”: 从“double”转换到“float”，可能丢失数据
D:\学习资料\PBL\PBL\光线追踪\PBL.cpp(374,56): warning C4244: “参数”: 从“double”转换到“float”，可能丢失数据
D:\学习资料\PBL\PBL\光线追踪\PBL.cpp(373,61): warning C4244: “参数”: 从“double”转换到“float”，可能丢失数据
D:\学习资料\PBL\PBL\光线追踪\PBL.cpp(373,38): warning C4244: “参数”: 从“double”转换到“float”，可能丢失数据
D:\学习资料\PBL\PBL\光线追踪\PBL.cpp(430,5): warning C4244: “参数”: 从“int”转换到“float”，可能丢失数据
D:\学习资料\PBL\PBL\光线追踪\PBL.cpp(429,56): warning C4244: “参数”: 从“double”转换到“float”，可能丢失数据
D:\学习资料\PBL\PBL\光线追踪\PBL.cpp(428,57): warning C4244: “参数”: 从“double”转换到“float”，可能丢失数据
D:\学习资料\PBL\PBL\光线追踪\PBL.cpp(427,62): warning C4244: “参数”: 从“double”转换到“float”，可能丢失数据
D:\学习资料\PBL\PBL\光线追踪\PBL.cpp(427,39): warning C4244: “参数”: 从“double”转换到“float”，可能丢失数据
D:\学习资料\PBL\PBL\光线追踪\PBL.cpp(449,4): warning C4244: “参数”: 从“int”转换到“float”，可能丢失数据
D:\学习资料\PBL\PBL\光线追踪\PBL.cpp(448,55): warning C4244: “参数”: 从“double”转换到“float”，可能丢失数据
D:\学习资料\PBL\PBL\光线追踪\PBL.cpp(447,56): warning C4244: “参数”: 从“double”转换到“float”，可能丢失数据
D:\学习资料\PBL\PBL\光线追踪\PBL.cpp(446,61): warning C4244: “参数”: 从“double”转换到“float”，可能丢失数据
D:\学习资料\PBL\PBL\光线追踪\PBL.cpp(446,38): warning C4244: “参数”: 从“double”转换到“float”，可能丢失数据
D:\学习资料\PBL\PBL\光线追踪\PBL.cpp(452,55): warning C4244: “参数”: 从“double”转换到“float”，可能丢失数据
D:\学习资料\PBL\PBL\光线追踪\PBL.cpp(451,56): warning C4244: “参数”: 从“double”转换到“float”，可能丢失数据
D:\学习资料\PBL\PBL\光线追踪\PBL.cpp(450,48): warning C4244: “参数”: 从“double”转换到“float”，可能丢失数据
D:\学习资料\PBL\PBL\光线追踪\PBL.cpp(450,25): warning C4244: “参数”: 从“double”转换到“float”，可能丢失数据
D:\学习资料\PBL\PBL\光线追踪\PBL.cpp(460,70): warning C4244: “参数”: 从“double”转换到“float”，可能丢失数据
D:\学习资料\PBL\PBL\光线追踪\PBL.cpp(460,46): warning C4244: “参数”: 从“double”转换到“float”，可能丢失数据
D:\学习资料\PBL\PBL\光线追踪\PBL.cpp(460,21): warning C4244: “参数”: 从“double”转换到“float”，可能丢失数据
D:\学习资料\PBL\PBL\光线追踪\PBL.cpp(459,63): warning C4244: “参数”: 从“double”转换到“float”，可能丢失数据
D:\学习资料\PBL\PBL\光线追踪\PBL.cpp(476,4): warning C4244: “参数”: 从“int”转换到“float”，可能丢失数据
D:\学习资料\PBL\PBL\光线追踪\PBL.cpp(475,55): warning C4244: “参数”: 从“double”转换到“float”，可能丢失数据
D:\学习资料\PBL\PBL\光线追踪\PBL.cpp(474,56): warning C4244: “参数”: 从“double”转换到“float”，可能丢失数据
D:\学习资料\PBL\PBL\光线追踪\PBL.cpp(473,61): warning C4244: “参数”: 从“double”转换到“float”，可能丢失数据
D:\学习资料\PBL\PBL\光线追踪\PBL.cpp(473,38): warning C4244: “参数”: 从“double”转换到“float”，可能丢失数据
D:\学习资料\PBL\PBL\光线追踪\PBL.cpp(479,55): warning C4244: “参数”: 从“double”转换到“float”，可能丢失数据
D:\学习资料\PBL\PBL\光线追踪\PBL.cpp(478,56): warning C4244: “参数”: 从“double”转换到“float”，可能丢失数据
D:\学习资料\PBL\PBL\光线追踪\PBL.cpp(477,48): warning C4244: “参数”: 从“double”转换到“float”，可能丢失数据
D:\学习资料\PBL\PBL\光线追踪\PBL.cpp(477,25): warning C4244: “参数”: 从“double”转换到“float”，可能丢失数据
D:\学习资料\PBL\PBL\光线追踪\PBL.cpp(488,70): warning C4244: “参数”: 从“double”转换到“float”，可能丢失数据
D:\学习资料\PBL\PBL\光线追踪\PBL.cpp(488,46): warning C4244: “参数”: 从“double”转换到“float”，可能丢失数据
D:\学习资料\PBL\PBL\光线追踪\PBL.cpp(488,21): warning C4244: “参数”: 从“double”转换到“float”，可能丢失数据
D:\学习资料\PBL\PBL\光线追踪\PBL.cpp(487,76): warning C4244: “参数”: 从“double”转换到“float”，可能丢失数据
  光线追踪.vcxproj -> D:\学习资料\PBL\PBL\Debug\PBL.exe
